[2025-09-27 15:26:17] POST /public/signup 
[2025-09-27 15:26:30] POST /public/signup 
[2025-09-27 15:27:41] POST /public/signup 
[2025-09-27 15:28:21] POST /public/signup 
[2025-09-27 16:58:25] POST /users 
[2025-09-27 17:00:25] POST /signup 
[2025-09-27 17:10:07] POST /public/signup 
[2025-09-27 17:26:12] POST /public/signup 
[2025-09-27 17:26:22] POST /public/signup 
[2025-09-27 17:27:17] POST /public/signup 
[2025-09-27 17:27:37] POST /public/signup 
[2025-09-27 17:28:55] POST /public/signup 
[2025-09-27 17:32:03] POST /public/signup 
[2025-09-27 17:32:19] POST /public/signup 
[2025-09-27 17:04:51] POST /public/v1/signup 
[2025-09-27 17:13:50] POST /public/v1/signup 
[2025-09-27 17:23:08] POST /public/v1/signup 
[2025-09-27 17:34:44] POST /public/v1/signup 
[2025-09-27 17:45:08] POST /public/v1/signup 
[2025-09-27 17:55:43] POST /public/v1/signup 
[2025-09-27 17:57:09] GET /public/v1/signup 
[2025-09-27 17:57:14] POST /public/v1/signup 
[2025-09-27 18:00:29] POST /public/v1/signup 
[2025-09-27 18:08:11] POST /public/v1/signup 
[2025-09-27 18:12:47] POST /public/v1/signup 
[2025-09-27 18:20:33] POST /public/signup 
[2025-09-27 18:21:39] POST /public/v1/signup 
[2025-09-27 18:22:48] POST /public/v1/signup 
[2025-09-27 18:28:13] POST /public/v1/signup 
[2025-09-27 18:32:26] POST /public/v1/signup 
[2025-09-27 18:33:40] POST /public/v1/signup 
[2025-09-27 18:34:49] POST /public/v1/signup 
[2025-09-27 18:59:36] POST /public/v1/signup 
[2025-09-27 19:01:35] POST /public/v1/signup 
[2025-09-27 19:02:18] POST /public/v1/signup 

