[2025-10-04 00:08:35] POST /public/v1/login 
[2025-10-04 00:09:12] POST /v1/meals 
[2025-10-04 00:09:19] GET /v1/meals 
[2025-10-04 00:10:40] POST /v1/meals 
[2025-10-04 00:35:03] POST /v1/meals 
[2025-10-04 00:38:18] POST /v1/meals 
[2025-10-04 00:40:23] POST /v1/meals 
[2025-10-04 00:42:13] POST /v1/meals 
[2025-10-04 00:42:39] POST /v1/meals 
[2025-10-04 00:43:07] POST /v1/meals 
[2025-10-04 00:43:54] POST /v1/meals 
[2025-10-04 00:44:18] POST /v1/meals 
[2025-10-04 00:44:48] POST /v1/meals 
[2025-10-04 00:45:29] POST /v1/meals 
[2025-10-04 00:45:52] POST /v1/meals 
[2025-10-04 00:47:07] GET /v1/meals 
[2025-10-04 00:47:49] POST /v1/meals 
[2025-10-04 00:48:58] GET /v1/meals 
[2025-10-04 01:20:50] POST /v1/meals 
[2025-10-04 01:25:03] GET /v1/meals 
[2025-10-04 01:26:40] GET /public/v1/login 
[2025-10-04 01:28:20] POST /v1/ordermeals 
[2025-10-04 01:28:37] POST /public/v1/login 
[2025-10-04 01:29:00] POST /public/v1/login 
[2025-10-04 01:29:09] POST /v1/ordermeals 
[2025-10-04 01:36:51] POST /v1/ordermeals 
[2025-10-04 01:37:39] POST /v1/ordermeals 
[2025-10-04 01:37:57] POST /v1/ordermeals 
[2025-10-04 01:38:10] POST /v1/meals 
[2025-10-04 01:39:31] GET /v1/ordermeals 
[2025-10-04 01:50:16] POST /v1/meals 
[2025-10-04 01:50:29] POST /v1/ordermeals 
[2025-10-04 01:56:29] POST /public/v1/login 
[2025-10-04 01:57:16] POST /v1/meals 
[2025-10-04 01:57:45] POST /v1/ordermeals 
[2025-10-04 01:58:34] POST /v1/ordermeals 
[2025-10-04 01:59:32] POST /v1/ordermeals 
[2025-10-04 01:59:49] POST /v1/ordermeals 
[2025-10-04 02:02:21] POST /v1/ordermeals 
[2025-10-04 02:06:34] POST /v1/ordermeals 
[2025-10-04 02:07:03] POST /v1/meals 
[2025-10-04 02:07:18] GET /v1/meals 
[2025-10-04 02:08:50] POST /v1/ordermeals 
[2025-10-04 02:14:49] POST /v1/ordermeals 
[2025-10-04 02:22:32] POST /v1/ordermeals 
[2025-10-04 02:24:12] POST /v1/ordermeals 
[2025-10-04 02:27:30] POST /v1/ordermeals 
[2025-10-04 02:31:04] POST /v1/ordermeals 
[2025-10-04 02:31:26] POST /v1/ordermeals 
[2025-10-04 02:31:31] POST /v1/ordermeals 
[2025-10-04 02:31:39] POST /v1/ordermeals 
[2025-10-04 02:31:44] POST /v1/ordermeals 
[2025-10-04 02:39:51] POST /v1/ordermeals 
[2025-10-04 02:40:42] POST /v1/ordermeals 
[2025-10-04 02:41:07] POST /v1/ordermeals 
[2025-10-04 02:41:50] POST /v1/ordermeals 
[2025-10-04 02:41:51] POST /v1/ordermeals 
[2025-10-04 02:41:52] POST /v1/ordermeals 
[2025-10-04 02:41:53] POST /v1/ordermeals 
[2025-10-04 02:41:54] POST /v1/ordermeals 
[2025-10-04 02:41:55] POST /v1/ordermeals 
[2025-10-04 04:21:37] POST /public/v1/login 
[2025-10-04 04:23:41] GET /public/v1/users/68d8341842dcf4e845578d12/premium 
[2025-10-04 04:23:58] PUT /public/v1/users/68d8341842dcf4e845578d12/premium 
[2025-10-04 04:33:38] PUT /public/v1/users/68d8341842dcf4e845578d12/plan 
[2025-10-04 04:35:13] PUT /v1/users/68d8341842dcf4e845578d12/plan 
[2025-10-04 04:44:14] GET /v1/ordermeals 
[2025-10-04 04:45:11] GET /v1/ordermeals/68e0897299374b9ec49a10f7 
[2025-10-04 04:45:41] GET /v1/ordermeals/68e0897299374b9ec49a10f7 
[2025-10-04 04:46:18] GET /v1/ordermeals 
[2025-10-04 04:47:26] GET /v1/ordermeals/68e0897299374b9ec49a10f7 
[2025-10-04 04:47:35] PUT /v1/ordermeals/68e0897299374b9ec49a10f7 
[2025-10-04 04:58:30] PUT /v1/ordermeals/68e0897299374b9ec49a10f7 
[2025-10-04 04:58:50] DELETE /v1/ordermeals/68e0897299374b9ec49a10f7 
[2025-10-04 18:24:36] POST /public/v1/login 
[2025-10-04 18:25:47] PUT /v1/ordermeals/68e0897299374b9ec49a10f7 
[2025-10-04 18:31:59] PUT /v1/ordermeals/68e0897299374b9ec49a10f7 
[2025-10-04 18:32:47] GET /v1/ordermeals 
[2025-10-04 18:33:12] PUT /v1/ordermeals/68e0892a99374b9ec49a10d 
[2025-10-04 18:33:51] GET /v1/ordermeals/68e0897299374b9ec49a10f7 
[2025-10-04 18:34:13] GET /v1/ordermeals/68e0897299374b9ec49a10f7 
[2025-10-04 18:34:45] GET /v1/ordermeals/68e0896e99374b9ec49a10e7 
[2025-10-04 18:34:56] PUT /v1/ordermeals/68e0896e99374b9ec49a10e7 
[2025-10-04 18:35:06] PUT /v1/ordermeals/68e0896e99374b9ec49a10e7 
[2025-10-04 18:36:21] DELETE /v1/ordermeals/68e088f799374b9ec49a10db 
[2025-10-04 18:36:40] GET /v1/ordermeals/68e0896e99374b9ec49a10e7 
[2025-10-04 18:37:48] DELETE /v1/ordermeals/68e0894399374b9ec49a10e3 
[2025-10-04 18:38:05] GET /v1/ordermeals/68e0894399374b9ec49a10e3 
[2025-10-04 18:46:01] POST /public/v1/signup 
[2025-10-04 18:48:33] POST /public/v1/login 
[2025-10-04 18:49:06] POST /v1/ordermeals 
[2025-10-04 18:49:28] POST /v1/ordermeals 
[2025-10-04 18:50:32] POST /v1/ordermeals 
[2025-10-04 18:51:21] POST /v1/ordermeals 
[2025-10-04 18:52:41] GET /v1/meals 
[2025-10-04 18:53:06] POST /v1/ordermeals 
[2025-10-04 19:01:49] GET /v1/ordermeals 
[2025-10-04 19:25:44] POST /public/v1/login 
[2025-10-04 19:26:22] PUT /v1/users/68d8341842dcf4e845578d12/plan 
[2025-10-04 19:27:26] POST /public/v1/signup 
[2025-10-04 19:27:34] POST /public/v1/signup 
[2025-10-04 19:27:50] POST /public/v1/signup 
[2025-10-04 19:30:02] POST /public/v1/signup 
[2025-10-04 19:31:06] POST /public/v1/login 
[2025-10-04 19:31:18] POST /public/v1/login 
[2025-10-04 19:31:42] PUT /v1/users/68d8341842dcf4e845578d12/plan 
[2025-10-04 19:31:59] PUT /v1/users/68d8341842dcf4e845578d12/plan 
[2025-10-04 19:33:43] PUT /v1/users/68d8341842dcf4e845578d12/plan 
[2025-10-04 19:36:03] PUT /v1/users/68d8341842dcf4e845578d12/plan 
[2025-10-04 19:36:56] PUT /v1/users/68e175bad9670035eda20fca/plan 
[2025-10-04 22:43:39] POST /public/v1/login 
[2025-10-04 22:44:09] GET /v1/ordermeals 
[2025-10-04 22:44:40] GET /v1/ordermeals?cayegory=Plato%20principal 
[2025-10-04 22:50:01] GET /v1/ordermeals?cayegory=Plato%20principal 
[2025-10-04 22:50:11] POST /public/v1/login 
[2025-10-04 22:50:34] GET /v1/ordermeals?cayegory=Plato%20principal 
[2025-10-04 22:50:57] GET /v1/ordermeals 
[2025-10-04 22:51:21] GET /v1/ordermeals 
[2025-10-04 22:51:53] GET /v1/ordermeals 
[2025-10-04 22:52:17] GET /v1/ordermeals?category=%22Plato%20principal%22 
[2025-10-04 22:52:29] GET /v1/ordermeals?category=Plato%20principal 
[2025-10-04 22:52:44] GET /v1/ordermeals?category=Postre 
[2025-10-04 22:53:26] GET /v1/ordermeals?category=Postre 
[2025-10-04 22:53:38] GET /v1/ordermeals?category= 
