[2025-10-05 00:23:44] POST /public/v1/signup 
[2025-10-05 00:27:10] POST /public/v1/signup 
[2025-10-05 00:27:27] POST /public/v1/signup 
[2025-10-05 00:27:34] POST /public/v1/signup 
[2025-10-05 00:29:05] POST /public/v1/signup 
[2025-10-05 01:09:51] POST /public/v1/login 
[2025-10-05 02:11:54] POST /public/v1/login 
[2025-10-05 02:18:03] GET /v1/ordermeals 
[2025-10-05 02:30:41] GET /v1/meals 
[2025-10-05 03:03:11] GET /v1/meals 
[2025-10-05 03:03:43] GET /v1/ordermeals 
[2025-10-05 03:04:36] GET /v1/ordermeals 
[2025-10-05 03:05:49] POST /public/v1/login 
[2025-10-05 03:05:58] GET /v1/ordermeals 
[2025-10-05 03:07:00] GET /v1/ordermeals 
[2025-10-05 03:12:28] GET /v1/ordermeals 
[2025-10-05 03:25:41] POST /public/v1/login 
[2025-10-05 03:26:04] POST /public/v1/login 
[2025-10-05 03:26:09] GET /v1/ordermeals 
[2025-10-05 03:27:06] POST /public/v1/login 
[2025-10-05 03:27:10] GET /v1/ordermeals 
[2025-10-05 03:52:04] POST /public/v1/signup 
[2025-10-05 03:52:25] POST /public/v1/signup 
[2025-10-05 04:11:30] POST /public/v1/signup 
[2025-10-05 04:14:21] POST /public/v1/signup 
[2025-10-05 04:14:45] POST /public/v1/login 
[2025-10-05 04:19:42] POST /v1/meals 
[2025-10-05 04:20:00] GET /v1/meals 
[2025-10-05 04:20:12] GET /v1/meals 
[2025-10-05 04:21:44] GET /v1/ordermeals 
[2025-10-05 04:24:21] POST /v1/meals 
[2025-10-05 04:29:20] POST /public/v1/login 
[2025-10-05 04:29:49] POST /public/v1/login 
[2025-10-05 04:29:56] POST /v1/meals 
[2025-10-05 04:30:10] POST /v1/meals 
[2025-10-05 04:31:00] POST /v1/meals 
[2025-10-05 04:31:37] POST /v1/meals 
[2025-10-05 04:32:53] POST /v1/meals 
[2025-10-05 04:33:10] POST /v1/meals 
[2025-10-05 04:33:27] POST /v1/meals 
[2025-10-05 04:33:43] POST /v1/meals 
[2025-10-05 04:34:13] POST /v1/meals 
[2025-10-05 04:34:49] POST /v1/meals 
[2025-10-05 04:35:09] POST /v1/meals 
[2025-10-05 04:35:35] POST /v1/meals 
[2025-10-05 04:36:35] POST /public/v1/signup 
[2025-10-05 04:38:03] POST /public/v1/signup 
[2025-10-05 04:45:38] GET /v1/meals 
[2025-10-05 04:46:03] GET /v1/ordermeals 
[2025-10-05 15:04:31] POST /public/v1/login 
[2025-10-05 15:11:07] GET /v1/ordermeals 
[2025-10-05 15:11:18] GET /v1/meals 
[2025-10-05 16:29:24] POST /public/v1/signup 
[2025-10-05 16:33:51] POST /public/v1/login 
[2025-10-05 16:35:37] POST /v1/ordermeals 
[2025-10-05 16:36:27] GET /v1/ordermeals 
[2025-10-05 16:36:54] GET /v1/meals 
[2025-10-05 16:38:01] POST /v1/ordermeals 
[2025-10-05 16:39:45] POST /v1/ordermeals 
[2025-10-05 16:49:13] POST /v1/ordermeals 
[2025-10-05 18:04:34] POST /v1/ordermeals 
[2025-10-05 18:04:42] POST /public/v1/login 
[2025-10-05 18:04:47] POST /v1/ordermeals 
[2025-10-05 18:04:52] POST /v1/ordermeals 
[2025-10-05 18:05:25] POST /v1/ordermeals 
[2025-10-05 18:06:20] POST /v1/ordermeals 
[2025-10-05 18:07:13] POST /v1/ordermeals 
[2025-10-05 18:08:12] POST /v1/ordermeals 
[2025-10-05 18:10:49] POST /v1/ordermeals 
[2025-10-05 18:11:04] POST /v1/ordermeals 
[2025-10-05 18:11:30] POST /v1/ordermeals 
[2025-10-05 18:13:39] POST /v1/ordermeals 
[2025-10-05 18:19:46] POST /v1/ordermeals 
[2025-10-05 18:30:16] POST /v1/ordermeals 
[2025-10-05 18:30:19] POST /v1/ordermeals 
[2025-10-05 18:30:25] POST /public/v1/login 
[2025-10-05 18:30:42] POST /v1/ordermeals 
[2025-10-05 18:37:48] POST /v1/ordermeals 
[2025-10-05 18:38:14] POST /public/v1/login 
[2025-10-05 18:38:36] POST /v1/ordermeals 
[2025-10-05 18:49:48] POST /public/v1/login 
[2025-10-05 18:50:03] POST /v1/ordermeals 
[2025-10-05 18:52:26] POST /v1/meals 
[2025-10-05 18:52:35] GET /v1/meals 
[2025-10-05 18:56:59] POST /v1/ordermeals 
[2025-10-05 18:57:15] POST /v1/ordermeals 
[2025-10-05 18:57:45] POST /v1/ordermeals 
[2025-10-05 19:05:27] GET /v1/meals 
[2025-10-05 19:05:48] POST /v1/ordermeals 
[2025-10-05 19:06:05] POST /v1/ordermeals 
[2025-10-05 19:31:02] POST /public/v1/login 
[2025-10-05 19:31:21] POST /v1/ordermeals 
[2025-10-05 19:32:58] POST /v1/ordermeals 
[2025-10-05 19:33:29] POST /v1/ordermeals 
[2025-10-05 19:33:36] POST /v1/ordermeals 
[2025-10-05 19:34:07] POST /v1/ordermeals 
[2025-10-05 19:34:38] POST /public/v1/login 
[2025-10-05 19:35:03] POST /v1/ordermeals 
[2025-10-05 19:38:39] POST /v1/ordermeals 
[2025-10-05 19:41:49] POST /v1/ordermeals 
[2025-10-05 19:42:00] POST /v1/ordermeals 
[2025-10-05 19:42:12] POST /v1/ordermeals 
[2025-10-05 19:42:43] GET /v1/ordermeals 
[2025-10-05 19:43:14] GET /v1/meals 
[2025-10-05 19:43:28] POST /v1/ordermeals 
[2025-10-05 19:43:46] POST /v1/ordermeals 
[2025-10-05 19:44:04] POST /v1/ordermeals 
[2025-10-05 19:44:21] POST /v1/ordermeals 
[2025-10-05 19:45:34] POST /v1/ordermeals 
[2025-10-05 19:45:46] POST /v1/ordermeals 
[2025-10-05 19:46:03] POST /v1/ordermeals 
[2025-10-05 19:46:09] POST /v1/ordermeals 
[2025-10-05 19:47:21] POST /v1/ordermeals 
[2025-10-05 19:48:13] POST /v1/ordermeals 
[2025-10-05 19:56:00] POST /v1/ordermeals 
[2025-10-05 19:56:07] POST /public/v1/login 
[2025-10-05 19:56:11] POST /v1/ordermeals 
[2025-10-05 19:56:21] POST /v1/ordermeals 
[2025-10-05 19:56:32] POST /public/v1/login 
[2025-10-05 19:56:54] POST /v1/ordermeals 
[2025-10-05 19:57:07] POST /v1/ordermeals 
[2025-10-05 19:57:55] POST /public/v1/login 
[2025-10-05 19:58:42] POST /v1/ordermeals 
[2025-10-05 19:59:22] POST /v1/ordermeals 
[2025-10-05 20:01:16] POST /v1/ordermeals 
[2025-10-05 20:01:23] POST /v1/ordermeals 
[2025-10-05 20:04:56] POST /v1/ordermeals 
[2025-10-05 20:07:42] POST /v1/ordermeals 
[2025-10-05 20:08:07] POST /v1/ordermeals 
[2025-10-05 20:08:45] POST /v1/ordermeals 
[2025-10-05 20:09:07] POST /v1/ordermeals 
[2025-10-05 20:09:12] POST /v1/ordermeals 
[2025-10-05 20:09:18] POST /v1/ordermeals 
[2025-10-05 20:10:22] POST /v1/ordermeals 
[2025-10-05 20:10:27] POST /v1/ordermeals 
[2025-10-05 20:10:31] POST /v1/ordermeals 
[2025-10-05 20:10:37] GET /v1/ordermeals 
[2025-10-05 20:12:37] GET /v1/ordermeals 
[2025-10-05 20:12:40] POST /v1/ordermeals 
[2025-10-05 20:13:49] POST /v1/ordermeals 
[2025-10-05 20:14:22] POST /v1/ordermeals 
[2025-10-05 20:15:02] POST /v1/ordermeals 
[2025-10-05 20:15:57] POST /v1/ordermeals 
[2025-10-05 20:18:10] POST /v1/ordermeals 
[2025-10-05 20:18:35] POST /v1/ordermeals 
[2025-10-05 20:18:37] POST /v1/ordermeals 
[2025-10-05 20:18:38] POST /v1/ordermeals 
[2025-10-05 20:18:39] POST /v1/ordermeals 
[2025-10-05 20:18:40] POST /v1/ordermeals 
[2025-10-05 20:18:41] POST /v1/ordermeals 
[2025-10-05 20:18:42] POST /v1/ordermeals 
[2025-10-05 20:19:20] POST /v1/ordermeals 
[2025-10-05 20:19:21] POST /v1/ordermeals 
[2025-10-05 20:19:22] POST /v1/ordermeals 
[2025-10-05 20:19:32] POST /v1/ordermeals 
[2025-10-05 20:20:16] POST /v1/ordermeals 
[2025-10-05 20:24:10] POST /v1/ordermeals 
[2025-10-05 20:24:35] POST /v1/ordermeals 
[2025-10-05 20:25:18] POST /v1/ordermeals 
[2025-10-05 20:25:31] POST /v1/ordermeals 
[2025-10-05 20:26:28] POST /v1/ordermeals 
[2025-10-05 20:31:02] POST /v1/ordermeals 
[2025-10-05 20:32:29] POST /v1/ordermeals 
[2025-10-05 20:33:18] POST /v1/ordermeals 
[2025-10-05 20:33:23] POST /v1/ordermeals 
[2025-10-05 20:33:28] POST /v1/ordermeals 
[2025-10-05 20:34:04] POST /v1/ordermeals 
[2025-10-05 20:34:09] POST /v1/ordermeals 
[2025-10-05 20:34:14] POST /v1/ordermeals 
[2025-10-05 20:34:20] POST /v1/ordermeals 
[2025-10-05 20:34:24] POST /v1/ordermeals 
[2025-10-05 20:34:30] POST /v1/ordermeals 
[2025-10-05 20:34:59] POST /v1/ordermeals 
[2025-10-05 20:35:03] POST /v1/ordermeals 
[2025-10-05 20:35:07] POST /v1/ordermeals 
[2025-10-05 20:35:11] POST /v1/ordermeals 
[2025-10-05 20:35:17] POST /v1/ordermeals 
[2025-10-05 20:35:22] POST /v1/ordermeals 
[2025-10-05 20:41:17] POST /v1/ordermeals 
[2025-10-05 20:41:28] POST /v1/ordermeals 
[2025-10-05 20:41:32] POST /v1/ordermeals 
[2025-10-05 20:41:35] POST /v1/ordermeals 
[2025-10-05 20:42:08] POST /v1/ordermeals 
[2025-10-05 20:42:16] POST /v1/ordermeals 
[2025-10-05 21:15:14] DELETE /v1/ordermeals/68e2bfa9da245a001ef610e4 
[2025-10-05 21:15:19] POST /public/v1/login 
[2025-10-05 21:15:45] DELETE /v1/ordermeals/68e2bfa9da245a001ef610e4 
[2025-10-05 21:15:57] GET /v1/ordermeals 
[2025-10-05 21:16:13] DELETE /v1/ordermeals/68e2d820f9abf40caf7d6ad7 
[2025-10-05 21:16:16] DELETE /v1/ordermeals/68e2d820f9abf40caf7d6ad7 
[2025-10-05 21:16:30] DELETE /v1/ordermeals/68e2d7fc096479bfbdebc98e 
[2025-10-05 21:16:34] GET /v1/ordermeals 
[2025-10-05 21:16:42] DELETE /v1/ordermeals/68e2d7f8096479bfbdebc989 
[2025-10-05 21:16:50] DELETE /v1/ordermeals/68e2d7ee096479bfbdebc984 
[2025-10-05 21:16:58] DELETE /v1/ordermeals/68e2d68a19c440170e98d14e 
[2025-10-05 21:17:05] DELETE /v1/ordermeals/68e2d67b19c440170e98d147 
[2025-10-05 21:17:13] DELETE /v1/ordermeals/68e2d67419c440170e98d141 
[2025-10-05 21:17:20] DELETE /v1/ordermeals/68e2d656005f62660146f00d 
[2025-10-05 21:17:28] DELETE /v1/ordermeals/68e2d641005f62660146f005 
[2025-10-05 21:17:36] DELETE /v1/ordermeals/68e2d613e0effe6ee6b02bff 
[2025-10-05 21:17:44] DELETE /v1/ordermeals/68e2d60ee0effe6ee6b02bfa 
[2025-10-05 21:17:46] GET /v1/ordermeals 
[2025-10-05 21:18:05] DELETE /v1/ordermeals/68e2d0683914307e058ab544 
[2025-10-05 21:18:12] DELETE /v1/ordermeals/68e2d0b8458af68efa59c323 
[2025-10-05 21:18:22] DELETE /v1/ordermeals/68e2d13835840f273f1a2340 
[2025-10-05 21:18:29] DELETE /v1/ordermeals/68e2d17d9dd4359ac4380d97 
[2025-10-05 21:18:36] DELETE /v1/ordermeals/68e2d19e975464d9e6c718de 
[2025-10-05 21:18:43] DELETE /v1/ordermeals/68e2d1c68da0c5b6e5c8951c 
[2025-10-05 21:18:50] DELETE /v1/ordermeals/68e2d1fdf33f183faa6e5ba6 
[2025-10-05 21:18:57] DELETE /v1/ordermeals/68e2d282582f3365e6a4fd26 
[2025-10-05 21:19:03] DELETE /v1/ordermeals/68e2d29c582f3365e6a4fd2b 
[2025-10-05 21:19:10] DELETE /v1/ordermeals/68e2d29d582f3365e6a4fd30 
[2025-10-05 21:19:17] DELETE /v1/ordermeals/68e2d29e582f3365e6a4fd35 
[2025-10-05 21:19:49] GET /v1/ordermeals 
[2025-10-05 21:20:00] DELETE /v1/ordermeals/68e2d5dde0effe6ee6b02bf5 
[2025-10-05 21:20:07] DELETE /v1/ordermeals/68e2d586f4f7ee8a87b440ef 
[2025-10-05 21:20:14] DELETE /v1/ordermeals/68e2d4036bbb522c953ac9b8 
[2025-10-05 21:20:22] DELETE /v1/ordermeals/68e2d3ea6bbb522c953ac9b3 
[2025-10-05 21:20:23] GET /v1/ordermeals 
[2025-10-05 21:20:52] DELETE /v1/ordermeals/68e2d2a1582f3365e6a4fd44 
[2025-10-05 21:21:00] DELETE /v1/ordermeals/68e2d2a3582f3365e6a4fd49 
[2025-10-05 21:21:06] DELETE /v1/ordermeals/68e2d2c8582f3365e6a4fd4e 
[2025-10-05 21:21:13] DELETE /v1/ordermeals/68e2d2c9582f3365e6a4fd53 
[2025-10-05 21:21:21] DELETE /v1/ordermeals/68e2d2cb582f3365e6a4fd58 
[2025-10-05 21:21:27] DELETE /v1/ordermeals/68e2d2d4582f3365e6a4fd5d 
[2025-10-05 21:21:35] DELETE /v1/ordermeals/68e2d301dc0d560403d599e8 
[2025-10-05 21:21:39] GET /v1/ordermeals 
[2025-10-05 21:21:56] DELETE /v1/ordermeals/68e2d2a0582f3365e6a4fd3f 
[2025-10-05 21:22:02] DELETE /v1/ordermeals/68e2d29f582f3365e6a4fd3a 
[2025-10-05 21:22:10] POST /v1/ordermeals 
[2025-10-05 21:22:32] POST /v1/ordermeals 
[2025-10-05 21:22:39] POST /v1/ordermeals 
[2025-10-05 21:22:41] POST /v1/ordermeals 
[2025-10-05 21:22:54] POST /v1/ordermeals 
[2025-10-05 21:23:16] GET /v1/ordermeals 
[2025-10-05 21:23:58] DELETE /v1/ordermeals/68e2e1aefce9aa11238ffdd3 
[2025-10-05 21:24:06] DELETE /v1/ordermeals/68e2e1a1fce9aa11238ffdce 
[2025-10-05 21:24:12] DELETE /v1/ordermeals/68e2e19ffce9aa11238ffdc9 
[2025-10-05 21:24:19] DELETE /v1/ordermeals/68e2e198fce9aa11238ffdc4 
[2025-10-05 21:24:22] GET /v1/ordermeals 
[2025-10-05 21:24:38] POST /v1/ordermeals 
[2025-10-05 21:24:53] DELETE /v1/ordermeals/68e2c19dda245a001ef610ea 
[2025-10-05 21:25:00] DELETE /v1/ordermeals/68e2ca14272ff014d1c09214 
[2025-10-05 21:25:03] GET /v1/ordermeals 
[2025-10-05 21:25:09] DELETE /v1/ordermeals/68e2ca60272ff014d1c0921b 
[2025-10-05 21:25:15] DELETE /v1/ordermeals/68e2ca72272ff014d1c09220 
[2025-10-05 21:25:21] DELETE /v1/ordermeals/68e2ca84272ff014d1c09225 
[2025-10-05 21:25:28] DELETE /v1/ordermeals/68e2cade272ff014d1c0922a 
[2025-10-05 21:25:36] DELETE /v1/ordermeals/68e2cafb272ff014d1c09230 
[2025-10-05 21:25:37] GET /v1/ordermeals 
[2025-10-05 21:25:44] DELETE /v1/ordermeals/68e2d0283914307e058ab539 
[2025-10-05 21:25:49] DELETE /v1/ordermeals/68e2d0633914307e058ab53f 
[2025-10-05 21:25:51] GET /v1/ordermeals 
[2025-10-05 21:25:56] POST /v1/ordermeals 
[2025-10-05 21:26:01] GET /v1/ordermeals 
[2025-10-05 21:26:06] DELETE /v1/ordermeals/68e2e216fce9aa11238ffde2 
[2025-10-05 21:26:10] POST /v1/ordermeals 
[2025-10-05 21:26:19] DELETE /v1/ordermeals/68e2e216fce9aa11238ffde2 
[2025-10-05 21:26:26] DELETE /v1/ordermeals/68e2e264fce9aa11238ffdfc 
[2025-10-05 21:26:27] GET /v1/ordermeals 
[2025-10-05 21:26:33] DELETE /v1/ordermeals/68e2e272fce9aa11238ffe04 
[2025-10-05 21:26:35] GET /v1/ordermeals 
[2025-10-05 21:26:40] POST /v1/ordermeals 
[2025-10-05 21:26:42] POST /v1/ordermeals 
[2025-10-05 21:26:47] POST /v1/ordermeals 
[2025-10-05 21:26:52] GET /v1/ordermeals 
[2025-10-05 21:26:56] POST /v1/ordermeals 
[2025-10-05 21:26:59] POST /v1/ordermeals 
[2025-10-05 21:27:01] POST /v1/ordermeals 
[2025-10-05 21:27:03] POST /v1/ordermeals 
[2025-10-05 21:27:04] POST /v1/ordermeals 
[2025-10-05 21:27:06] POST /v1/ordermeals 
[2025-10-05 21:27:08] POST /v1/ordermeals 
[2025-10-05 21:27:12] POST /v1/ordermeals 
[2025-10-05 21:27:17] POST /v1/ordermeals 
[2025-10-05 21:27:25] GET /v1/ordermeals 
[2025-10-05 21:27:47] DELETE /v1/ordermeals/68e2e290fce9aa11238ffe10 
[2025-10-05 21:27:53] DELETE /v1/ordermeals/68e2e293fce9aa11238ffe15 
[2025-10-05 21:27:59] DELETE /v1/ordermeals/68e2e297fce9aa11238ffe1a 
[2025-10-05 21:28:07] DELETE /v1/ordermeals/68e2e2a1fce9aa11238ffe20 
[2025-10-05 21:28:13] DELETE /v1/ordermeals/68e2e2a3fce9aa11238ffe25 
[2025-10-05 21:28:19] DELETE /v1/ordermeals/68e2e2a6fce9aa11238ffe2a 
[2025-10-05 21:28:22] GET /v1/ordermeals 
[2025-10-05 21:28:28] DELETE /v1/ordermeals/68e2e2a7fce9aa11238ffe2f 
[2025-10-05 21:28:34] DELETE /v1/ordermeals/68e2e2a9fce9aa11238ffe34 
[2025-10-05 21:28:39] GET /v1/ordermeals 
[2025-10-05 21:28:45] DELETE /v1/ordermeals/68e2e2aafce9aa11238ffe39 
[2025-10-05 21:28:47] GET /v1/ordermeals 
[2025-10-05 21:31:53] PUT /v1/ordermeals/68e2e2acfce9aa11238ffe3e 
[2025-10-05 21:32:22] PUT /v1/ordermeals/68e2e2acfce9aa11238ffe3e 
[2025-10-05 21:32:40] PUT /v1/ordermeals/68e2e2acfce9aa11238ffe3e 
[2025-10-05 21:32:48] PUT /v1/ordermeals/68e2e2acfce9aa11238ffe3e 
[2025-10-05 21:32:55] PUT /v1/ordermeals/68e2e2acfce9aa11238ffe3e 
